TN:
SF:src/appDeploymentManager.ts
FN:40,(anonymous_9)
FN:47,(anonymous_10)
FN:100,(anonymous_11)
FN:177,(anonymous_12)
FN:178,(anonymous_13)
FN:183,(anonymous_14)
FN:191,(anonymous_15)
FN:200,(anonymous_16)
FN:216,(anonymous_17)
FN:225,(anonymous_18)
FN:226,(anonymous_19)
FN:233,(anonymous_20)
FN:241,(anonymous_21)
FN:250,(anonymous_22)
FN:261,(anonymous_23)
FN:274,(anonymous_24)
FN:281,(anonymous_25)
FN:290,(anonymous_26)
FNF:18
FNH:0
FNDA:0,(anonymous_9)
FNDA:0,(anonymous_10)
FNDA:0,(anonymous_11)
FNDA:0,(anonymous_12)
FNDA:0,(anonymous_13)
FNDA:0,(anonymous_14)
FNDA:0,(anonymous_15)
FNDA:0,(anonymous_16)
FNDA:0,(anonymous_17)
FNDA:0,(anonymous_18)
FNDA:0,(anonymous_19)
FNDA:0,(anonymous_20)
FNDA:0,(anonymous_21)
FNDA:0,(anonymous_22)
FNDA:0,(anonymous_23)
FNDA:0,(anonymous_24)
FNDA:0,(anonymous_25)
FNDA:0,(anonymous_26)
DA:2,0
DA:3,0
DA:4,0
DA:29,0
DA:30,0
DA:40,0
DA:41,0
DA:51,0
DA:52,0
DA:54,0
DA:55,0
DA:58,0
DA:61,0
DA:64,0
DA:67,0
DA:68,0
DA:72,0
DA:74,0
DA:76,0
DA:85,0
DA:86,0
DA:93,0
DA:104,0
DA:107,0
DA:126,0
DA:127,0
DA:128,0
DA:129,0
DA:132,0
DA:145,0
DA:146,0
DA:147,0
DA:150,0
DA:151,0
DA:154,0
DA:167,0
DA:168,0
DA:169,0
DA:171,0
DA:178,0
DA:179,0
DA:183,0
DA:184,0
DA:185,0
DA:187,0
DA:191,0
DA:192,0
DA:201,0
DA:203,0
DA:204,0
DA:205,0
DA:206,0
DA:208,0
DA:217,0
DA:218,0
DA:226,0
DA:227,0
DA:228,0
DA:233,0
DA:234,0
DA:235,0
DA:237,0
DA:241,0
DA:242,0
DA:251,0
DA:253,0
DA:255,0
DA:262,0
DA:263,0
DA:264,0
DA:267,0
DA:275,0
DA:282,0
DA:283,0
DA:291,0
DA:292,0
DA:293,0
DA:295,0
LF:78
LH:0
BRDA:40,0,0,0
BRDA:49,1,0,0
BRDA:67,2,0,0
BRDA:88,3,0,0
BRDA:88,3,1,0
BRDA:184,4,0,0
BRDA:184,4,1,0
BRDA:201,5,0,0
BRDA:234,6,0,0
BRDA:234,6,1,0
BRDA:263,7,0,0
BRDA:282,8,0,0
BRF:12
BRH:0
end_of_record
TN:
SF:src/certificateManager.ts
FN:18,(anonymous_1)
FN:23,(anonymous_2)
FN:88,(anonymous_3)
FN:152,(anonymous_4)
FN:160,(anonymous_5)
FN:170,(anonymous_6)
FN:171,(anonymous_7)
FN:190,(anonymous_8)
FNF:8
FNH:6
FNDA:5,(anonymous_1)
FNDA:3,(anonymous_2)
FNDA:2,(anonymous_3)
FNDA:0,(anonymous_4)
FNDA:0,(anonymous_5)
FNDA:3,(anonymous_6)
FNDA:21,(anonymous_7)
FNDA:18,(anonymous_8)
DA:1,1
DA:13,1
DA:14,5
DA:15,5
DA:16,5
DA:18,5
DA:24,3
DA:25,3
DA:27,3
DA:28,3
DA:29,3
DA:30,3
DA:31,3
DA:33,3
DA:34,3
DA:35,3
DA:37,3
DA:72,3
DA:74,3
DA:75,3
DA:77,3
DA:89,2
DA:90,1
DA:93,1
DA:94,1
DA:96,1
DA:97,1
DA:98,1
DA:99,1
DA:100,1
DA:103,1
DA:112,1
DA:113,1
DA:115,1
DA:140,1
DA:142,1
DA:153,0
DA:154,0
DA:161,0
DA:162,0
DA:164,0
DA:171,21
DA:172,3
DA:174,3
DA:175,18
DA:176,18
DA:177,18
DA:178,18
DA:179,18
DA:184,3
DA:191,18
DA:200,18
LF:52
LH:47
BRDA:18,0,0,4
BRDA:88,1,0,2
BRDA:89,2,0,1
BRDA:89,3,0,2
BRDA:89,3,1,1
BRDA:161,4,0,0
BRDA:176,5,0,18
BRDA:176,6,0,18
BRDA:176,6,1,18
BRDA:178,7,0,18
BRDA:200,8,0,18
BRDA:200,8,1,0
BRF:12
BRH:10
end_of_record
TN:
SF:src/config.ts
FN:52,validateConfig
FN:59,(anonymous_1)
FNF:2
FNH:0
FNDA:0,validateConfig
FNDA:0,(anonymous_1)
DA:23,0
DA:41,0
DA:52,0
DA:53,0
DA:59,0
DA:61,0
DA:62,0
LF:7
LH:0
BRDA:24,0,0,0
BRDA:24,0,1,0
BRDA:26,1,0,0
BRDA:26,1,1,0
BRDA:27,2,0,0
BRDA:27,2,1,0
BRDA:28,3,0,0
BRDA:28,3,1,0
BRDA:31,4,0,0
BRDA:31,4,1,0
BRDA:32,5,0,0
BRDA:32,5,1,0
BRDA:36,6,0,0
BRDA:36,6,1,0
BRDA:37,7,0,0
BRDA:37,7,1,0
BRDA:61,8,0,0
BRF:17
BRH:0
end_of_record
TN:
SF:src/eventGridClient.ts
FN:30,(anonymous_0)
FN:47,(anonymous_1)
FN:83,(anonymous_2)
FN:104,(anonymous_3)
FN:129,(anonymous_4)
FN:149,(anonymous_5)
FN:179,(anonymous_6)
FN:205,(anonymous_7)
FNF:8
FNH:0
FNDA:0,(anonymous_0)
FNDA:0,(anonymous_1)
FNDA:0,(anonymous_2)
FNDA:0,(anonymous_3)
FNDA:0,(anonymous_4)
FNDA:0,(anonymous_5)
FNDA:0,(anonymous_6)
FNDA:0,(anonymous_7)
DA:1,0
DA:2,0
DA:24,0
DA:35,0
DA:36,0
DA:37,0
DA:38,0
DA:48,0
DA:49,0
DA:51,0
DA:53,0
DA:67,0
DA:69,0
DA:75,0
DA:76,0
DA:84,0
DA:86,0
DA:87,0
DA:92,0
DA:94,0
DA:95,0
DA:97,0
DA:105,0
DA:106,0
DA:111,0
DA:112,0
DA:113,0
DA:114,0
DA:115,0
DA:119,0
DA:121,0
DA:122,0
DA:130,0
DA:132,0
DA:133,0
DA:139,0
DA:141,0
DA:142,0
DA:150,0
DA:152,0
DA:153,0
DA:159,0
DA:160,0
DA:167,0
DA:169,0
DA:170,0
DA:172,0
DA:180,0
DA:181,0
DA:182,0
DA:187,0
DA:188,0
DA:195,0
DA:197,0
DA:198,0
DA:206,0
DA:207,0
DA:208,0
DA:213,0
DA:214,0
DA:223,0
DA:225,0
DA:226,0
LF:63
LH:0
BRDA:94,0,0,0
BRDA:113,1,0,0
BRDA:159,2,0,0
BRDA:163,3,0,0
BRDA:163,3,1,0
BRDA:169,4,0,0
BRDA:189,5,0,0
BRDA:189,5,1,0
BRDA:191,6,0,0
BRDA:191,6,1,0
BRDA:215,7,0,0
BRDA:215,7,1,0
BRDA:218,8,0,0
BRDA:218,8,1,0
BRDA:219,9,0,0
BRDA:219,9,1,0
BRF:16
BRH:0
end_of_record
TN:
SF:src/middleware.ts
FN:11,(anonymous_0)
FN:23,asyncHandler
FN:24,(anonymous_2)
FN:32,errorHandler
FN:95,notFoundHandler
FN:103,validateDeviceId
FN:122,validateRequestBody
FN:123,(anonymous_7)
FN:124,(anonymous_8)
FN:137,createRateLimiter
FN:140,(anonymous_10)
FNF:11
FNH:0
FNDA:0,(anonymous_0)
FNDA:0,asyncHandler
FNDA:0,(anonymous_2)
FNDA:0,errorHandler
FNDA:0,notFoundHandler
FNDA:0,validateDeviceId
FNDA:0,validateRequestBody
FNDA:0,(anonymous_7)
FNDA:0,(anonymous_8)
FNDA:0,createRateLimiter
FNDA:0,(anonymous_10)
DA:2,0
DA:7,0
DA:12,0
DA:13,0
DA:14,0
DA:16,0
DA:23,0
DA:24,0
DA:25,0
DA:32,0
DA:38,0
DA:39,0
DA:42,0
DA:50,0
DA:51,0
DA:52,0
DA:56,0
DA:57,0
DA:58,0
DA:62,0
DA:63,0
DA:64,0
DA:68,0
DA:69,0
DA:70,0
DA:74,0
DA:75,0
DA:76,0
DA:80,0
DA:81,0
DA:82,0
DA:86,0
DA:87,0
DA:89,0
DA:95,0
DA:96,0
DA:97,0
DA:103,0
DA:104,0
DA:106,0
DA:107,0
DA:111,0
DA:112,0
DA:113,0
DA:116,0
DA:122,0
DA:123,0
DA:124,0
DA:126,0
DA:127,0
DA:130,0
DA:137,0
DA:138,0
DA:140,0
DA:141,0
DA:142,0
DA:143,0
DA:145,0
DA:147,0
DA:149,0
DA:150,0
DA:153,0
DA:154,0
DA:158,0
DA:159,0
LF:65
LH:0
BRDA:11,0,0,0
BRDA:11,1,0,0
BRDA:42,2,0,0
BRDA:42,2,1,0
BRDA:50,3,0,0
BRDA:50,4,0,0
BRDA:50,4,1,0
BRDA:56,5,0,0
BRDA:56,6,0,0
BRDA:56,6,1,0
BRDA:62,7,0,0
BRDA:62,8,0,0
BRDA:62,8,1,0
BRDA:68,9,0,0
BRDA:74,10,0,0
BRDA:74,11,0,0
BRDA:74,11,1,0
BRDA:80,12,0,0
BRDA:80,13,0,0
BRDA:80,13,1,0
BRDA:86,14,0,0
BRDA:86,14,1,0
BRDA:87,15,0,0
BRDA:87,15,1,0
BRDA:106,16,0,0
BRDA:112,17,0,0
BRDA:126,18,0,0
BRDA:137,19,0,0
BRDA:137,20,0,0
BRDA:141,21,0,0
BRDA:141,21,1,0
BRDA:147,22,0,0
BRDA:147,23,0,0
BRDA:147,23,1,0
BRDA:153,24,0,0
BRF:35
BRH:0
end_of_record
TN:
SF:src/mqttMonitor.ts
FN:19,(anonymous_9)
FN:29,(anonymous_10)
FN:47,(anonymous_11)
FN:53,(anonymous_12)
FN:60,(anonymous_13)
FN:67,(anonymous_14)
FN:80,(anonymous_15)
FN:86,(anonymous_16)
FN:97,(anonymous_17)
FN:111,(anonymous_18)
FN:116,(anonymous_19)
FN:117,(anonymous_20)
FN:129,(anonymous_21)
FN:134,(anonymous_22)
FN:135,(anonymous_23)
FN:147,(anonymous_24)
FN:151,(anonymous_25)
FN:155,(anonymous_26)
FN:162,(anonymous_27)
FN:166,(anonymous_28)
FN:168,(anonymous_29)
FN:169,(anonymous_30)
FN:178,(anonymous_31)
FNF:23
FNH:0
FNDA:0,(anonymous_9)
FNDA:0,(anonymous_10)
FNDA:0,(anonymous_11)
FNDA:0,(anonymous_12)
FNDA:0,(anonymous_13)
FNDA:0,(anonymous_14)
FNDA:0,(anonymous_15)
FNDA:0,(anonymous_16)
FNDA:0,(anonymous_17)
FNDA:0,(anonymous_18)
FNDA:0,(anonymous_19)
FNDA:0,(anonymous_20)
FNDA:0,(anonymous_21)
FNDA:0,(anonymous_22)
FNDA:0,(anonymous_23)
FNDA:0,(anonymous_24)
FNDA:0,(anonymous_25)
FNDA:0,(anonymous_26)
FNDA:0,(anonymous_27)
FNDA:0,(anonymous_28)
FNDA:0,(anonymous_29)
FNDA:0,(anonymous_30)
FNDA:0,(anonymous_31)
DA:1,0
DA:3,0
DA:13,0
DA:14,0
DA:15,0
DA:16,0
DA:17,0
DA:20,0
DA:21,0
DA:22,0
DA:23,0
DA:24,0
DA:26,0
DA:30,0
DA:31,0
DA:45,0
DA:47,0
DA:48,0
DA:49,0
DA:50,0
DA:53,0
DA:54,0
DA:55,0
DA:56,0
DA:57,0
DA:60,0
DA:61,0
DA:62,0
DA:63,0
DA:64,0
DA:67,0
DA:68,0
DA:76,0
DA:77,0
DA:80,0
DA:81,0
DA:82,0
DA:83,0
DA:86,0
DA:87,0
DA:88,0
DA:92,0
DA:93,0
DA:98,0
DA:99,0
DA:102,0
DA:103,0
DA:106,0
DA:107,0
DA:112,0
DA:113,0
DA:116,0
DA:117,0
DA:118,0
DA:119,0
DA:120,0
DA:122,0
DA:123,0
DA:130,0
DA:131,0
DA:134,0
DA:135,0
DA:136,0
DA:137,0
DA:138,0
DA:140,0
DA:141,0
DA:148,0
DA:152,0
DA:156,0
DA:157,0
DA:159,0
DA:163,0
DA:167,0
DA:168,0
DA:169,0
DA:170,0
DA:171,0
DA:172,0
DA:179,0
DA:180,0
DA:182,0
LF:82
LH:0
BRDA:24,0,0,0
BRDA:48,1,0,0
BRDA:72,2,0,0
BRDA:72,2,1,0
BRDA:73,3,0,0
BRDA:73,3,1,0
BRDA:98,4,0,0
BRDA:106,5,0,0
BRDA:112,6,0,0
BRDA:112,7,0,0
BRDA:112,7,1,0
BRDA:118,8,0,0
BRDA:118,8,1,0
BRDA:130,9,0,0
BRDA:130,10,0,0
BRDA:130,10,1,0
BRDA:136,11,0,0
BRDA:136,11,1,0
BRDA:148,12,0,0
BRDA:148,12,1,0
BRDA:156,13,0,0
BRDA:156,14,0,0
BRDA:156,14,1,0
BRDA:159,15,0,0
BRDA:159,15,1,0
BRDA:163,16,0,0
BRDA:163,16,1,0
BRDA:167,17,0,0
BRDA:179,18,0,0
BRDA:179,18,1,0
BRF:30
BRH:0
end_of_record
TN:
SF:src/templates.ts
FN:15,(anonymous_0)
FN:41,(anonymous_1)
FN:62,(anonymous_2)
FN:80,(anonymous_3)
FN:99,(anonymous_4)
FN:102,(anonymous_5)
FN:119,(anonymous_6)
FN:141,(anonymous_7)
FN:160,(anonymous_8)
FN:169,(anonymous_9)
FN:177,(anonymous_10)
FN:203,(anonymous_11)
FN:210,(anonymous_12)
FN:216,(anonymous_13)
FN:225,(anonymous_14)
FN:232,(anonymous_15)
FN:248,(anonymous_16)
FNF:17
FNH:0
FNDA:0,(anonymous_0)
FNDA:0,(anonymous_1)
FNDA:0,(anonymous_2)
FNDA:0,(anonymous_3)
FNDA:0,(anonymous_4)
FNDA:0,(anonymous_5)
FNDA:0,(anonymous_6)
FNDA:0,(anonymous_7)
FNDA:0,(anonymous_8)
FNDA:0,(anonymous_9)
FNDA:0,(anonymous_10)
FNDA:0,(anonymous_11)
FNDA:0,(anonymous_12)
FNDA:0,(anonymous_13)
FNDA:0,(anonymous_14)
FNDA:0,(anonymous_15)
FNDA:0,(anonymous_16)
DA:14,0
DA:16,0
DA:42,0
DA:63,0
DA:81,0
DA:100,0
DA:102,0
DA:120,0
DA:142,0
DA:143,0
DA:151,0
DA:161,0
DA:170,0
DA:178,0
DA:204,0
DA:205,0
DA:208,0
DA:210,0
DA:217,0
DA:226,0
DA:227,0
DA:230,0
DA:232,0
DA:249,0
LF:24
LH:0
BRDA:92,0,0,0
BRDA:92,0,1,0
BRDA:124,1,0,0
BRDA:124,1,1,0
BRDA:129,2,0,0
BRDA:129,2,1,0
BRDA:142,3,0,0
BRDA:142,3,1,0
BRDA:204,4,0,0
BRDA:213,5,0,0
BRDA:213,5,1,0
BRDA:226,6,0,0
BRDA:235,7,0,0
BRDA:235,7,1,0
BRDA:238,8,0,0
BRDA:238,8,1,0
BRF:16
BRH:0
end_of_record
TN:
SF:src/utils.ts
FN:8,generateMqttHostname
FN:15,generateClientName
FN:22,generateAuthenticationName
FN:29,validateDeviceId
FN:50,formatErrorResponse
FN:61,formatSuccessResponse
FN:73,logWithTimestamp
FN:93,sleep
FN:94,(anonymous_8)
FN:100,retryWithBackoff
FN:129,sanitizeHtml
FN:141,safeJsonParse
FN:152,isValidUrl
FN:164,extractRegionFromHostname
FN:172,generateRandomId
FNF:15
FNH:0
FNDA:0,generateMqttHostname
FNDA:0,generateClientName
FNDA:0,generateAuthenticationName
FNDA:0,validateDeviceId
FNDA:0,formatErrorResponse
FNDA:0,formatSuccessResponse
FNDA:0,logWithTimestamp
FNDA:0,sleep
FNDA:0,(anonymous_8)
FNDA:0,retryWithBackoff
FNDA:0,sanitizeHtml
FNDA:0,safeJsonParse
FNDA:0,isValidUrl
FNDA:0,extractRegionFromHostname
FNDA:0,generateRandomId
DA:8,0
DA:9,0
DA:15,0
DA:16,0
DA:22,0
DA:23,0
DA:29,0
DA:30,0
DA:31,0
DA:34,0
DA:35,0
DA:39,0
DA:40,0
DA:41,0
DA:44,0
DA:50,0
DA:51,0
DA:61,0
DA:62,0
DA:73,0
DA:74,0
DA:75,0
DA:77,0
DA:79,0
DA:80,0
DA:82,0
DA:83,0
DA:85,0
DA:86,0
DA:93,0
DA:94,0
DA:100,0
DA:107,0
DA:108,0
DA:109,0
DA:111,0
DA:113,0
DA:114,0
DA:117,0
DA:118,0
DA:119,0
DA:123,0
DA:129,0
DA:130,0
DA:141,0
DA:142,0
DA:143,0
DA:145,0
DA:152,0
DA:153,0
DA:154,0
DA:155,0
DA:157,0
DA:164,0
DA:165,0
DA:166,0
DA:172,0
DA:173,0
DA:174,0
DA:175,0
DA:176,0
DA:178,0
LF:62
LH:0
BRDA:8,0,0,0
BRDA:30,1,0,0
BRDA:30,2,0,0
BRDA:30,2,1,0
BRDA:34,3,0,0
BRDA:34,4,0,0
BRDA:34,4,1,0
BRDA:40,5,0,0
BRDA:50,6,0,0
BRDA:53,7,0,0
BRDA:53,7,1,0
BRDA:64,8,0,0
BRDA:64,8,1,0
BRDA:77,9,0,0
BRDA:77,9,1,0
BRDA:77,9,2,0
BRDA:102,10,0,0
BRDA:103,11,0,0
BRDA:113,12,0,0
BRDA:166,13,0,0
BRDA:166,13,1,0
BRDA:172,14,0,0
BRF:22
BRH:0
end_of_record
